Loaded providers.json
DIAG: cwd= /Users/deanpedersen/Projects/solrei/retell-calendar-webhook __dirname= /Users/deanpedersen/Projects/solrei/retell-calendar-webhook
DIAG: expected module path: /Users/deanpedersen/Projects/solrei/retell-calendar-webhook/calendar-operations.js exists= true
DIAG: require.resolve result: /Users/deanpedersen/Projects/solrei/retell-calendar-webhook/calendar-operations.js
node:events:496
      throw er; // Unhandled 'error' event
      ^

Error: listen EADDRINUSE: address already in use 0.0.0.0:8080
    at Server.setupListenHandle [as _listen2] (node:net:1940:16)
    at listenInCluster (node:net:1997:12)
    at node:net:2206:7
    at process.processTicksAndRejections (node:internal/process/task_queues:90:21)
Emitted 'error' event on Server instance at:
    at emitErrorNT (node:net:1976:8)
    at process.processTicksAndRejections (node:internal/process/task_queues:90:21) {
  code: 'EADDRINUSE',
  errno: -48,
  syscall: 'listen',
  address: '0.0.0.0',
  port: 8080
}

Node.js v22.18.0
